<?xml version="1.0" encoding="UTF-8"?>
<testsuite xmlns:xsi="http://www.w3.org/2001/XMLSchema-instance" xsi:noNamespaceSchemaLocation="https://maven.apache.org/surefire/maven-surefire-plugin/xsd/surefire-test-report.xsd" name="org.calculator.CalolatriceTest" time="0.008" tests="4" errors="0" skipped="0" failures="0">
  <properties>
[...]
</properties>
  <testcase name="testAdd" classname="org.calculator.CalolatriceTest" time="0.003"/>
  <testcase name="testSubtract" classname="org.calculator.CalolatriceTest" time="0"/>
  <testcase name="testDivide" classname="org.calculator.CalolatriceTest" time="0"/>
  <testcase name="testMultiply" classname="org.calculator.CalolatriceTest" time="0"/>
</testsuite>